#
# There is insufficient memory for the Java Runtime Environment to continue.
# Native memory allocation (malloc) failed to allocate 263616 bytes for Chunk::new
# Possible reasons:
#   The system is out of physical RAM or swap space
#   In 32 bit mode, the process size limit was hit
# Possible solutions:
#   Reduce memory load on the system
#   Increase physical memory or swap space
#   Check if swap backing store is full
#   Use 64 bit Java on a 64 bit OS
#   Decrease Java heap size (-Xmx/-Xms)
#   Decrease number of Java threads
#   Decrease Java thread stack sizes (-Xss)
#   Set larger code cache with -XX:ReservedCodeCacheSize=
# This output file may be truncated or incomplete.
#
#  Out of Memory Error (allocation.cpp:390), pid=9476, tid=1796
#
# JRE version: Java(TM) SE Runtime Environment (8.0_73-b02) (build 1.8.0_73-b02)
# Java VM: Java HotSpot(TM) 64-Bit Server VM (25.73-b02 mixed mode windows-amd64 compressed oops)
# Failed to write core dump. Minidumps are not enabled by default on client versions of Windows
#

---------------  T H R E A D  ---------------

Current thread (0x0000000017b29800):  JavaThread "C2 CompilerThread1" daemon [_thread_in_native, id=1796, stack(0x0000000019280000,0x0000000019380000)]

Stack: [0x0000000019280000,0x0000000019380000]
[error occurred during error reporting (printing stack bounds), id 0xc0000005]

Native frames: (J=compiled Java code, j=interpreted, Vv=VM code, C=native code)


Current CompileTask:
C2:  88499 2203       4       sun.security.provider.SHA::implCompress (491 bytes)


---------------  P R O C E S S  ---------------

Java Threads: ( => current thread )
  0x000000001a10b000 JavaThread "ForkJoinPool.commonPool-worker-3" daemon [_thread_blocked, id=904, stack(0x000000001bf90000,0x000000001c090000)]
  0x0000000019c08800 JavaThread "ForkJoinPool.commonPool-worker-2" daemon [_thread_blocked, id=14832, stack(0x000000001be90000,0x000000001bf90000)]
  0x000000001a143800 JavaThread "ForkJoinPool.commonPool-worker-1" daemon [_thread_blocked, id=5500, stack(0x000000001bd90000,0x000000001be90000)]
  0x0000000019f00000 JavaThread "ReaderThread" [_thread_in_native, id=15372, stack(0x000000001a6c0000,0x000000001a7c0000)]
  0x00000000194c3000 JavaThread "Service Thread" daemon [_thread_blocked, id=13800, stack(0x0000000019880000,0x0000000019980000)]
  0x0000000017b50000 JavaThread "C1 CompilerThread2" daemon [_thread_blocked, id=14612, stack(0x0000000019380000,0x0000000019480000)]
=>0x0000000017b29800 JavaThread "C2 CompilerThread1" daemon [_thread_in_native, id=1796, stack(0x0000000019280000,0x0000000019380000)]
  0x0000000017b23000 JavaThread "C2 CompilerThread0" daemon [_thread_blocked, id=7832, stack(0x0000000019180000,0x0000000019280000)]
  0x0000000017b21800 JavaThread "Attach Listener" daemon [_thread_blocked, id=6424, stack(0x0000000019080000,0x0000000019180000)]
  0x0000000017b20800 JavaThread "Signal Dispatcher" daemon [_thread_blocked, id=12784, stack(0x0000000018f80000,0x0000000019080000)]
  0x0000000002fc9000 JavaThread "Finalizer" daemon [_thread_blocked, id=14036, stack(0x0000000018d80000,0x0000000018e80000)]
  0x0000000002fc0000 JavaThread "Reference Handler" daemon [_thread_blocked, id=14108, stack(0x0000000018c80000,0x0000000018d80000)]
  0x0000000002ed3800 JavaThread "Forwarding newSession on session null to remote" [_thread_in_native, id=9664, stack(0x0000000002cd0000,0x0000000002dd0000)]

Other Threads:
  0x0000000017ae7800 VMThread [stack: 0x0000000018b80000,0x0000000018c80000] [id=11016]
  0x00000000194ca000 WatcherThread [stack: 0x0000000019980000,0x0000000019a80000] [id=3488]

VM state:not at safepoint (normal execution)

VM Mutex/Monitor currently owned by a thread: None

Heap:
 PSYoungGen      total 37888K, used 26635K [0x00000000d5d80000, 0x00000000d8b80000, 0x0000000100000000)
  eden space 32768K, 68% used [0x00000000d5d80000,0x00000000d73642a0,0x00000000d7d80000)
  from space 5120K, 82% used [0x00000000d7e00000,0x00000000d821e9c0,0x00000000d8300000)
  to   space 7168K, 0% used [0x00000000d8480000,0x00000000d8480000,0x00000000d8b80000)
 ParOldGen       total 87552K, used 2152K [0x0000000081800000, 0x0000000086d80000, 0x00000000d5d80000)
  object space 87552K, 2% used [0x0000000081800000,0x0000000081a1a338,0x0000000086d80000)
 Metaspace       used 15485K, capacity 16214K, committed 16512K, reserved 1062912K
  class space    used 1915K, capacity 2119K, committed 2176K, reserved 1048576K

Card table byte_map: [0x0000000012390000,0x0000000012790000] byte_map_base: 0x0000000011f84000

Marking Bits: (ParMarkBitMap*) 0x0000000052220600
 Begin Bits: [0x0000000012e40000, 0x0000000014de0000)
 End Bits:   [0x0000000014de0000, 0x0000000016d80000)

Polling page: 0x00000000014e0000

CodeCache: size=245760Kb used=6099Kb max_used=6099Kb free=239660Kb
 bounds [0x0000000002fd0000, 0x00000000035d0000, 0x0000000011fd0000]
 total_blobs=2414 nmethods=2031 adapters=295
 compilation: enabled

Compilation events (10 events):
Event: 87.371 Thread 0x0000000017b50000 nmethod 2200 0x00000000035c9110 code [0x00000000035c9280, 0x00000000035c9590]
Event: 87.371 Thread 0x0000000017b50000 2201       3       okhttp3.Headers::name (9 bytes)
Event: 87.371 Thread 0x0000000017b50000 nmethod 2201 0x00000000035c9710 code [0x00000000035c9860, 0x00000000035c99d0]
Event: 87.371 Thread 0x0000000017b50000 2193       3       org.openqa.selenium.json.JsonInput::read (14 bytes)
Event: 87.371 Thread 0x0000000017b50000 nmethod 2193 0x00000000035c9ad0 code [0x00000000035c9c40, 0x00000000035c9de8]
Event: 87.371 Thread 0x0000000017b50000 2194       3       org.openqa.selenium.json.JsonTypeCoercer$$Lambda$88/2005169944::apply (12 bytes)
Event: 87.372 Thread 0x0000000017b50000 nmethod 2194 0x00000000035c9ed0 code [0x00000000035ca040, 0x00000000035ca2e8]
Event: 88.382 Thread 0x0000000017b50000 2202       3       okhttp3.internal.connection.StreamAllocation::deallocate (155 bytes)
Event: 88.382 Thread 0x0000000017b50000 nmethod 2202 0x00000000035ca3d0 code [0x00000000035ca5c0, 0x00000000035cade8]
Event: 88.383 Thread 0x0000000017b29800 2203       4       sun.security.provider.SHA::implCompress (491 bytes)

GC Heap History (10 events):
Event: 0.806 GC heap before
{Heap before GC invocations=1 (full 0):
 PSYoungGen      total 38400K, used 33280K [0x00000000d5d80000, 0x00000000d8800000, 0x0000000100000000)
  eden space 33280K, 100% used [0x00000000d5d80000,0x00000000d7e00000,0x00000000d7e00000)
  from space 5120K, 0% used [0x00000000d8300000,0x00000000d8300000,0x00000000d8800000)
  to   space 5120K, 0% used [0x00000000d7e00000,0x00000000d7e00000,0x00000000d8300000)
 ParOldGen       total 87552K, used 0K [0x0000000081800000, 0x0000000086d80000, 0x00000000d5d80000)
  object space 87552K, 0% used [0x0000000081800000,0x0000000081800000,0x0000000086d80000)
 Metaspace       used 11772K, capacity 11936K, committed 12288K, reserved 1060864K
  class space    used 1408K, capacity 1481K, committed 1536K, reserved 1048576K
Event: 0.812 GC heap after
Heap after GC invocations=1 (full 0):
 PSYoungGen      total 38400K, used 5115K [0x00000000d5d80000, 0x00000000d8800000, 0x0000000100000000)
  eden space 33280K, 0% used [0x00000000d5d80000,0x00000000d5d80000,0x00000000d7e00000)
  from space 5120K, 99% used [0x00000000d7e00000,0x00000000d82feee0,0x00000000d8300000)
  to   space 5120K, 0% used [0x00000000d8300000,0x00000000d8300000,0x00000000d8800000)
 ParOldGen       total 87552K, used 1333K [0x0000000081800000, 0x0000000086d80000, 0x00000000d5d80000)
  object space 87552K, 1% used [0x0000000081800000,0x000000008194d5d8,0x0000000086d80000)
 Metaspace       used 11772K, capacity 11936K, committed 12288K, reserved 1060864K
  class space    used 1408K, capacity 1481K, committed 1536K, reserved 1048576K
}
Event: 12.256 GC heap before
{Heap before GC invocations=2 (full 0):
 PSYoungGen      total 38400K, used 38395K [0x00000000d5d80000, 0x00000000d8800000, 0x0000000100000000)
  eden space 33280K, 100% used [0x00000000d5d80000,0x00000000d7e00000,0x00000000d7e00000)
  from space 5120K, 99% used [0x00000000d7e00000,0x00000000d82feee0,0x00000000d8300000)
  to   space 5120K, 0% used [0x00000000d8300000,0x00000000d8300000,0x00000000d8800000)
 ParOldGen       total 87552K, used 1333K [0x0000000081800000, 0x0000000086d80000, 0x00000000d5d80000)
  object space 87552K, 1% used [0x0000000081800000,0x000000008194d5d8,0x0000000086d80000)
 Metaspace       used 15109K, capacity 15776K, committed 16000K, reserved 1062912K
  class space    used 1910K, capacity 2112K, committed 2176K, reserved 1048576K
Event: 12.261 GC heap after
Heap after GC invocations=2 (full 0):
 PSYoungGen      total 38400K, used 5110K [0x00000000d5d80000, 0x00000000d8800000, 0x0000000100000000)
  eden space 33280K, 0% used [0x00000000d5d80000,0x00000000d5d80000,0x00000000d7e00000)
  from space 5120K, 99% used [0x00000000d8300000,0x00000000d87fda70,0x00000000d8800000)
  to   space 5120K, 0% used [0x00000000d7e00000,0x00000000d7e00000,0x00000000d8300000)
 ParOldGen       total 87552K, used 2128K [0x0000000081800000, 0x0000000086d80000, 0x00000000d5d80000)
  object space 87552K, 2% used [0x0000000081800000,0x0000000081a14338,0x0000000086d80000)
 Metaspace       used 15109K, capacity 15776K, committed 16000K, reserved 1062912K
  class space    used 1910K, capacity 2112K, committed 2176K, reserved 1048576K
}
Event: 32.594 GC heap before
{Heap before GC invocations=3 (full 0):
 PSYoungGen      total 38400K, used 38390K [0x00000000d5d80000, 0x00000000d8800000, 0x0000000100000000)
  eden space 33280K, 100% used [0x00000000d5d80000,0x00000000d7e00000,0x00000000d7e00000)
  from space 5120K, 99% used [0x00000000d8300000,0x00000000d87fda70,0x00000000d8800000)
  to   space 5120K, 0% used [0x00000000d7e00000,0x00000000d7e00000,0x00000000d8300000)
 ParOldGen       total 87552K, used 2128K [0x0000000081800000, 0x0000000086d80000, 0x00000000d5d80000)
  object space 87552K, 2% used [0x0000000081800000,0x0000000081a14338,0x0000000086d80000)
 Metaspace       used 15277K, capacity 15970K, committed 16256K, reserved 1062912K
  class space    used 1914K, capacity 2119K, committed 2176K, reserved 1048576K
Event: 32.597 GC heap after
Heap after GC invocations=3 (full 0):
 PSYoungGen      total 38400K, used 4236K [0x00000000d5d80000, 0x00000000d8800000, 0x0000000100000000)
  eden space 33280K, 0% used [0x00000000d5d80000,0x00000000d5d80000,0x00000000d7e00000)
  from space 5120K, 82% used [0x00000000d7e00000,0x00000000d8223088,0x00000000d8300000)
  to   space 5120K, 0% used [0x00000000d8300000,0x00000000d8300000,0x00000000d8800000)
 ParOldGen       total 87552K, used 2136K [0x0000000081800000, 0x0000000086d80000, 0x00000000d5d80000)
  object space 87552K, 2% used [0x0000000081800000,0x0000000081a16338,0x0000000086d80000)
 Metaspace       used 15277K, capacity 15970K, committed 16256K, reserved 1062912K
  class space    used 1914K, capacity 2119K, committed 2176K, reserved 1048576K
}
Event: 53.924 GC heap before
{Heap before GC invocations=4 (full 0):
 PSYoungGen      total 38400K, used 37516K [0x00000000d5d80000, 0x00000000d8800000, 0x0000000100000000)
  eden space 33280K, 100% used [0x00000000d5d80000,0x00000000d7e00000,0x00000000d7e00000)
  from space 5120K, 82% used [0x00000000d7e00000,0x00000000d8223088,0x00000000d8300000)
  to   space 5120K, 0% used [0x00000000d8300000,0x00000000d8300000,0x00000000d8800000)
 ParOldGen       total 87552K, used 2136K [0x0000000081800000, 0x0000000086d80000, 0x00000000d5d80000)
  object space 87552K, 2% used [0x0000000081800000,0x0000000081a16338,0x0000000086d80000)
 Metaspace       used 15362K, capacity 16110K, committed 16256K, reserved 1062912K
  class space    used 1914K, capacity 2119K, committed 2176K, reserved 1048576K
Event: 53.927 GC heap after
Heap after GC invocations=4 (full 0):
 PSYoungGen      total 38400K, used 4284K [0x00000000d5d80000, 0x00000000d8800000, 0x0000000100000000)
  eden space 33280K, 0% used [0x00000000d5d80000,0x00000000d5d80000,0x00000000d7e00000)
  from space 5120K, 83% used [0x00000000d8300000,0x00000000d872f0a8,0x00000000d8800000)
  to   space 5120K, 0% used [0x00000000d7e00000,0x00000000d7e00000,0x00000000d8300000)
 ParOldGen       total 87552K, used 2144K [0x0000000081800000, 0x0000000086d80000, 0x00000000d5d80000)
  object space 87552K, 2% used [0x0000000081800000,0x0000000081a18338,0x0000000086d80000)
 Metaspace       used 15362K, capacity 16110K, committed 16256K, reserved 1062912K
  class space    used 1914K, capacity 2119K, committed 2176K, reserved 1048576K
}
Event: 75.184 GC heap before
{Heap before GC invocations=5 (full 0):
 PSYoungGen      total 38400K, used 37564K [0x00000000d5d80000, 0x00000000d8800000, 0x0000000100000000)
  eden space 33280K, 100% used [0x00000000d5d80000,0x00000000d7e00000,0x00000000d7e00000)
  from space 5120K, 83% used [0x00000000d8300000,0x00000000d872f0a8,0x00000000d8800000)
  to   space 5120K, 0% used [0x00000000d7e00000,0x00000000d7e00000,0x00000000d8300000)
 ParOldGen       total 87552K, used 2144K [0x0000000081800000, 0x0000000086d80000, 0x00000000d5d80000)
  object space 87552K, 2% used [0x0000000081800000,0x0000000081a18338,0x0000000086d80000)
 Metaspace       used 15428K, capacity 16122K, committed 16256K, reserved 1062912K
  class space    used 1915K, capacity 2119K, committed 2176K, reserved 1048576K
Event: 75.187 GC heap after
Heap after GC invocations=5 (full 0):
 PSYoungGen      total 37888K, used 4218K [0x00000000d5d80000, 0x00000000d8b80000, 0x0000000100000000)
  eden space 32768K, 0% used [0x00000000d5d80000,0x00000000d5d80000,0x00000000d7d80000)
  from space 5120K, 82% used [0x00000000d7e00000,0x00000000d821e9c0,0x00000000d8300000)
  to   space 7168K, 0% used [0x00000000d8480000,0x00000000d8480000,0x00000000d8b80000)
 ParOldGen       total 87552K, used 2152K [0x0000000081800000, 0x0000000086d80000, 0x00000000d5d80000)
  object space 87552K, 2% used [0x0000000081800000,0x0000000081a1a338,0x0000000086d80000)
 Metaspace       used 15428K, capacity 16122K, committed 16256K, reserved 1062912K
  class space    used 1915K, capacity 2119K, committed 2176K, reserved 1048576K
}

Deoptimization events (10 events):
Event: 0.753 Thread 0x0000000002ed3800 Uncommon trap: reason=bimorphic action=maybe_recompile pc=0x00000000032dae68 method=java.util.HashMap.putVal(ILjava/lang/Object;Ljava/lang/Object;ZZ)Ljava/lang/Object; @ 203
Event: 0.754 Thread 0x0000000002ed3800 Uncommon trap: reason=bimorphic action=maybe_recompile pc=0x00000000032dae68 method=java.util.HashMap.putVal(ILjava/lang/Object;Ljava/lang/Object;ZZ)Ljava/lang/Object; @ 203
Event: 0.754 Thread 0x0000000002ed3800 Uncommon trap: reason=bimorphic action=maybe_recompile pc=0x00000000032dae68 method=java.util.HashMap.putVal(ILjava/lang/Object;Ljava/lang/Object;ZZ)Ljava/lang/Object; @ 203
Event: 0.755 Thread 0x0000000002ed3800 Uncommon trap: reason=bimorphic action=maybe_recompile pc=0x00000000032dae68 method=java.util.HashMap.putVal(ILjava/lang/Object;Ljava/lang/Object;ZZ)Ljava/lang/Object; @ 203
Event: 1.017 Thread 0x0000000002ed3800 Uncommon trap: reason=unstable_if action=reinterpret pc=0x000000000339d318 method=java.util.regex.Pattern$BmpCharProperty.match(Ljava/util/regex/Matcher;ILjava/lang/CharSequence;)Z @ 34
Event: 1.031 Thread 0x0000000002ed3800 Uncommon trap: reason=unstable_if action=reinterpret pc=0x0000000003414fc4 method=java.lang.String.regionMatches(ZILjava/lang/String;II)Z @ 123
Event: 2.072 Thread 0x0000000002ed3800 Uncommon trap: reason=class_check action=maybe_recompile pc=0x000000000341ac2c method=java.io.DataInputStream.readInt()I @ 4
Event: 2.072 Thread 0x0000000002ed3800 Uncommon trap: reason=class_check action=maybe_recompile pc=0x000000000341ac2c method=java.io.DataInputStream.readInt()I @ 4
Event: 2.072 Thread 0x0000000002ed3800 Uncommon trap: reason=class_check action=maybe_recompile pc=0x000000000341ac2c method=java.io.DataInputStream.readInt()I @ 4
Event: 2.072 Thread 0x0000000002ed3800 Uncommon trap: reason=class_check action=maybe_recompile pc=0x000000000341ac2c method=java.io.DataInputStream.readInt()I @ 4

Internal exceptions (10 events):
Event: 79.233 Thread 0x0000000002ed3800 Exception <a 'java/net/ConnectException': Connection refused: connect> (0x00000000d639bfb0) thrown at [D:\re\puppet\workspace\8-2-build-windows-amd64-cygwin\jdk8u73\6086\hotspot\src\share\vm\prims\jni.cpp, line 735]
Event: 80.240 Thread 0x0000000002ed3800 Exception <a 'java/net/ConnectException': Connection refused: connect> (0x00000000d6537a58) thrown at [D:\re\puppet\workspace\8-2-build-windows-amd64-cygwin\jdk8u73\6086\hotspot\src\share\vm\prims\jni.cpp, line 735]
Event: 81.256 Thread 0x0000000002ed3800 Exception <a 'java/net/ConnectException': Connection refused: connect> (0x00000000d66c54e8) thrown at [D:\re\puppet\workspace\8-2-build-windows-amd64-cygwin\jdk8u73\6086\hotspot\src\share\vm\prims\jni.cpp, line 735]
Event: 82.284 Thread 0x0000000002ed3800 Exception <a 'java/net/ConnectException': Connection refused: connect> (0x00000000d6853fc0) thrown at [D:\re\puppet\workspace\8-2-build-windows-amd64-cygwin\jdk8u73\6086\hotspot\src\share\vm\prims\jni.cpp, line 735]
Event: 83.302 Thread 0x0000000002ed3800 Exception <a 'java/net/ConnectException': Connection refused: connect> (0x00000000d69e1388) thrown at [D:\re\puppet\workspace\8-2-build-windows-amd64-cygwin\jdk8u73\6086\hotspot\src\share\vm\prims\jni.cpp, line 735]
Event: 84.324 Thread 0x0000000002ed3800 Exception <a 'java/net/ConnectException': Connection refused: connect> (0x00000000d6b6dfe8) thrown at [D:\re\puppet\workspace\8-2-build-windows-amd64-cygwin\jdk8u73\6086\hotspot\src\share\vm\prims\jni.cpp, line 735]
Event: 85.340 Thread 0x0000000002ed3800 Exception <a 'java/net/ConnectException': Connection refused: connect> (0x00000000d6cfb858) thrown at [D:\re\puppet\workspace\8-2-build-windows-amd64-cygwin\jdk8u73\6086\hotspot\src\share\vm\prims\jni.cpp, line 735]
Event: 86.361 Thread 0x0000000002ed3800 Exception <a 'java/net/ConnectException': Connection refused: connect> (0x00000000d6e88e20) thrown at [D:\re\puppet\workspace\8-2-build-windows-amd64-cygwin\jdk8u73\6086\hotspot\src\share\vm\prims\jni.cpp, line 735]
Event: 87.366 Thread 0x0000000002ed3800 Exception <a 'java/net/ConnectException': Connection refused: connect> (0x00000000d70176c8) thrown at [D:\re\puppet\workspace\8-2-build-windows-amd64-cygwin\jdk8u73\6086\hotspot\src\share\vm\prims\jni.cpp, line 735]
Event: 88.382 Thread 0x0000000002ed3800 Exception <a 'java/net/ConnectException': Connection refused: connect> (0x00000000d71a5848) thrown at [D:\re\puppet\workspace\8-2-build-windows-amd64-cygwin\jdk8u73\6086\hotspot\src\share\vm\prims\jni.cpp, line 735]

Events (10 events):
Event: 62.031 loading class sun/security/provider/JavaKeyStore$1 done
Event: 75.184 Executing VM operation: ParallelGCFailedAllocation
Event: 75.187 Executing VM operation: ParallelGCFailedAllocation done
Event: 81.262 Thread 0x0000000017b50000 flushing nmethod 0x0000000003400790
Event: 81.262 Thread 0x0000000017b50000 flushing nmethod 0x00000000034095d0
Event: 81.262 Thread 0x0000000017b50000 flushing nmethod 0x000000000340fb10
Event: 81.262 Thread 0x0000000017b50000 flushing nmethod 0x0000000003428ed0
Event: 81.263 Thread 0x0000000017b50000 flushing nmethod 0x000000000343fa90
Event: 88.383 Thread 0x0000000002ed3800 DEOPT PACKING pc=0x00000000031b9c7e sp=0x0000000002dcd8f0
Event: 88.383 Thread 0x0000000002ed3800 DEOPT UNPACKING pc=0x000000000301787f sp=0x0000000002dcd5f0 mode 0


Dynamic libraries:
0x00007ff6c6850000 - 0x00007ff6c6887000 	C:\Program Files\Java\jre1.8.0_73\bin\javaw.exe
0x00007fff5ebf0000 - 0x00007fff5eddd000 	C:\WINDOWS\SYSTEM32\ntdll.dll
0x00007fff5e040000 - 0x00007fff5e0f3000 	C:\WINDOWS\System32\KERNEL32.DLL
0x00007fff5adc0000 - 0x00007fff5b053000 	C:\WINDOWS\System32\KERNELBASE.dll
0x00007fff5e230000 - 0x00007fff5e2d3000 	C:\WINDOWS\System32\ADVAPI32.dll
0x00007fff5e870000 - 0x00007fff5e90e000 	C:\WINDOWS\System32\msvcrt.dll
0x00007fff5e660000 - 0x00007fff5e6fe000 	C:\WINDOWS\System32\sechost.dll
0x00007fff5da30000 - 0x00007fff5db52000 	C:\WINDOWS\System32\RPCRT4.dll
0x00007fff5e360000 - 0x00007fff5e4f7000 	C:\WINDOWS\System32\USER32.dll
0x00007fff5b080000 - 0x00007fff5b0a0000 	C:\WINDOWS\System32\win32u.dll
0x00007fff5c970000 - 0x00007fff5c999000 	C:\WINDOWS\System32\GDI32.dll
0x00007fff5aa70000 - 0x00007fff5ac0a000 	C:\WINDOWS\System32\gdi32full.dll
0x00007fff5b0a0000 - 0x00007fff5b140000 	C:\WINDOWS\System32\msvcp_win.dll
0x00007fff5b140000 - 0x00007fff5b23a000 	C:\WINDOWS\System32\ucrtbase.dll
0x00007fff48300000 - 0x00007fff48579000 	C:\WINDOWS\WinSxS\amd64_microsoft.windows.common-controls_6595b64144ccf1df_6.0.17763.379_none_05b83be8071c94a1\COMCTL32.dll
0x00007fff5c9a0000 - 0x00007fff5cccd000 	C:\WINDOWS\System32\combase.dll
0x00007fff5ac10000 - 0x00007fff5ac8e000 	C:\WINDOWS\System32\bcryptPrimitives.dll
0x00007fff5ccd0000 - 0x00007fff5ccfe000 	C:\WINDOWS\System32\IMM32.DLL
0x0000000051930000 - 0x0000000051a02000 	C:\Program Files\Java\jre1.8.0_73\bin\msvcr100.dll
0x0000000051a10000 - 0x00000000522a0000 	C:\Program Files\Java\jre1.8.0_73\bin\server\jvm.dll
0x00007fff5cd30000 - 0x00007fff5cd38000 	C:\WINDOWS\System32\PSAPI.DLL
0x00007fff4f200000 - 0x00007fff4f224000 	C:\WINDOWS\SYSTEM32\WINMM.dll
0x00007fff55980000 - 0x00007fff5598a000 	C:\WINDOWS\SYSTEM32\VERSION.dll
0x00007fff4cde0000 - 0x00007fff4cde9000 	C:\WINDOWS\SYSTEM32\WSOCK32.dll
0x00007fff5dcc0000 - 0x00007fff5dd2d000 	C:\WINDOWS\System32\WS2_32.dll
0x00007fff4e200000 - 0x00007fff4e22d000 	C:\WINDOWS\SYSTEM32\winmmbase.dll
0x00007fff5ac90000 - 0x00007fff5acda000 	C:\WINDOWS\System32\cfgmgr32.dll
0x0000000055160000 - 0x000000005516f000 	C:\Program Files\Java\jre1.8.0_73\bin\verify.dll
0x0000000054390000 - 0x00000000543b9000 	C:\Program Files\Java\jre1.8.0_73\bin\java.dll
0x0000000054370000 - 0x0000000054386000 	C:\Program Files\Java\jre1.8.0_73\bin\zip.dll
0x00007fff5b480000 - 0x00007fff5c970000 	C:\WINDOWS\System32\SHELL32.dll
0x00007fff5e5b0000 - 0x00007fff5e658000 	C:\WINDOWS\System32\shcore.dll
0x00007fff5a320000 - 0x00007fff5aa6a000 	C:\WINDOWS\System32\windows.storage.dll
0x00007fff5a2f0000 - 0x00007fff5a314000 	C:\WINDOWS\System32\profapi.dll
0x00007fff5a270000 - 0x00007fff5a2cd000 	C:\WINDOWS\System32\powrprof.dll
0x00007fff5d450000 - 0x00007fff5d4a2000 	C:\WINDOWS\System32\shlwapi.dll
0x00007fff5a250000 - 0x00007fff5a261000 	C:\WINDOWS\System32\kernel.appcore.dll
0x00007fff5b060000 - 0x00007fff5b077000 	C:\WINDOWS\System32\cryptsp.dll
0x0000000053840000 - 0x000000005385a000 	C:\Program Files\Java\jre1.8.0_73\bin\net.dll
0x00007fff59a70000 - 0x00007fff59ad7000 	C:\WINDOWS\system32\mswsock.dll
0x00007fff59810000 - 0x00007fff598d6000 	C:\WINDOWS\SYSTEM32\DNSAPI.dll
0x00007fff5cd00000 - 0x00007fff5cd08000 	C:\WINDOWS\System32\NSI.dll
0x00007fff597d0000 - 0x00007fff5980d000 	C:\WINDOWS\SYSTEM32\IPHLPAPI.DLL
0x00007fff529f0000 - 0x00007fff529fa000 	C:\Windows\System32\rasadhlp.dll
0x00007fff531c0000 - 0x00007fff53239000 	C:\WINDOWS\System32\fwpuclnt.dll
0x00007fff5ace0000 - 0x00007fff5ad06000 	C:\WINDOWS\System32\bcrypt.dll
0x00007fff59630000 - 0x00007fff59663000 	C:\WINDOWS\system32\rsaenh.dll
0x00007fff5a150000 - 0x00007fff5a178000 	C:\WINDOWS\SYSTEM32\USERENV.dll
0x00007fff59c40000 - 0x00007fff59c4c000 	C:\WINDOWS\SYSTEM32\CRYPTBASE.dll
0x00007fff53070000 - 0x00007fff53086000 	C:\WINDOWS\SYSTEM32\dhcpcsvc6.DLL
0x00007fff53020000 - 0x00007fff5303c000 	C:\WINDOWS\SYSTEM32\dhcpcsvc.DLL
0x0000000053820000 - 0x0000000053831000 	C:\Program Files\Java\jre1.8.0_73\bin\nio.dll
0x0000000051900000 - 0x0000000051924000 	C:\Program Files\Java\jre1.8.0_73\bin\sunec.dll
0x00000000557a0000 - 0x00000000557ab000 	C:\Program Files\Java\jre1.8.0_73\bin\sunmscapi.dll
0x00007fff5b240000 - 0x00007fff5b41b000 	C:\WINDOWS\System32\CRYPT32.dll
0x00007fff5a2d0000 - 0x00007fff5a2e2000 	C:\WINDOWS\System32\MSASN1.dll
0x00007fff4f2a0000 - 0x00007fff4f2b6000 	C:\WINDOWS\system32\napinsp.dll
0x00007fff4f280000 - 0x00007fff4f29a000 	C:\WINDOWS\system32\pnrpnsp.dll
0x00007fff4f270000 - 0x00007fff4f27e000 	C:\WINDOWS\System32\winrnr.dll
0x00007fff52880000 - 0x00007fff5289b000 	C:\WINDOWS\system32\NLAapi.dll
0x00007fff4f250000 - 0x00007fff4f265000 	C:\WINDOWS\system32\wshbth.dll

VM Arguments:
jvm_args: -ea -Dfile.encoding=Cp1252 
java_command: org.testng.remote.RemoteTestNG -serport 54392 -protocol json -d C:\Users\ajay.biswas\eclipse-workspace\ApkAuto\test-output C:\Users\AJAY~1.BIS\AppData\Local\Temp\testng-eclipse--542146221\testng-customsuite.xml
java_class_path (initial): C:\Users\ajay.biswas\eclipse\java-oxygen\eclipse\configuration\org.eclipse.osgi\514\0\.cp\lib\testng-remote.jar;C:\Program Files\Java\jre1.8.0_73\lib\resources.jar;C:\Program Files\Java\jre1.8.0_73\lib\rt.jar;C:\Program Files\Java\jre1.8.0_73\lib\jsse.jar;C:\Program Files\Java\jre1.8.0_73\lib\jce.jar;C:\Program Files\Java\jre1.8.0_73\lib\charsets.jar;C:\Program Files\Java\jre1.8.0_73\lib\jfr.jar;C:\Program Files\Java\jre1.8.0_73\lib\ext\access-bridge-64.jar;C:\Program Files\Java\jre1.8.0_73\lib\ext\cldrdata.jar;C:\Program Files\Java\jre1.8.0_73\lib\ext\dnsns.jar;C:\Program Files\Java\jre1.8.0_73\lib\ext\jaccess.jar;C:\Program Files\Java\jre1.8.0_73\lib\ext\jfxrt.jar;C:\Program Files\Java\jre1.8.0_73\lib\ext\localedata.jar;C:\Program Files\Java\jre1.8.0_73\lib\ext\nashorn.jar;C:\Program Files\Java\jre1.8.0_73\lib\ext\sunec.jar;C:\Program Files\Java\jre1.8.0_73\lib\ext\sunjce_provider.jar;C:\Program Files\Java\jre1.8.0_73\lib\ext\sunmscapi.jar;C:\Program Files\Java\jre1.8.0_73\lib\ext\sunpkcs11.jar;C:\Program Files\Java\jre1.8.0_73\lib\ext\zipfs.jar;C:\Users\ajay.biswas\eclipse-workspace\ApkAuto\target\test-classes;C:\Users\ajay.biswas\eclipse-workspace\ApkAuto\target\classes;C:\Users\ajay.biswas\.m2\repository\org\seleniumhq\selenium\selenium-java\3.141.59\selenium-java-3.141.59.jar;C:\Users\ajay.biswas\.m2\repository\org\seleniumhq\selenium\selenium-api\3.141.59\selenium-api-3.141.59.jar;C:\Users\ajay.biswas\.m2\repository\org\seleniumhq\selenium\selenium-chrome-driver\3.141.59\selenium-chrome-driver-3.141.59.jar;C:\Users\ajay.biswas\.m2\repository\org\seleniumhq\selenium\selenium-edge-driver\3.141.59\selenium-edge-driver-3.141.59.jar;C:\Users\ajay.biswas\.m2\repository\org\seleniumhq\selenium\selenium-firefox-driver\3.141.59\selenium-firefox-driver-3.141.59.jar;C:\Users\ajay.biswas\.m2\repository\org\seleniumhq\selenium\selenium-ie-driver\3.141.59\selenium-ie-driver-3.141.59.jar;C:\Users\ajay.biswas\.m2\repository\org\seleniumhq\seleniu
Launcher Type: SUN_STANDARD

Environment Variables:
PATH=C:/Program Files/Java/jre1.8.0_73/bin/server;C:/Program Files/Java/jre1.8.0_73/bin;C:/Program Files/Java/jre1.8.0_73/lib/amd64;C:/Program Files/Java/jre1.8.0_231/bin/server;C:/Program Files/Java/jre1.8.0_231/bin;C:/Program Files/Java/jre1.8.0_231/lib/amd64;C:\Program Files (x86)\Google\Chrome\Application;C:\ProgramData\Oracle\Java\javapath;C:\WINDOWS\system32;C:\WINDOWS;C:\WINDOWS\System32\Wbem;C:\WINDOWS\System32\WindowsPowerShell\v1.0\;C:\Program Files\TortoiseSVN\bin;C:\WINDOWS\System32\OpenSSH\;C:\Users\ajay.biswas\AppData\Local\Microsoft\WindowsApps;;C:\Users\ajay.biswas\Downloads;;C:\Users\ajay.biswas\Downloads;
USERNAME=ajay.biswas
OS=Windows_NT
PROCESSOR_IDENTIFIER=Intel64 Family 6 Model 58 Stepping 9, GenuineIntel



---------------  S Y S T E M  ---------------

OS: Windows 10.0 , 64 bit Build 17763 (10.0.17763.379)

CPU:total 4 (4 cores per cpu, 1 threads per core) family 6 model 58 stepping 9, cmov, cx8, fxsr, mmx, sse, sse2, sse3, ssse3, sse4.1, sse4.2, popcnt, avx, aes, clmul, erms, tsc, tscinvbit, tscinv

Memory: 4k page, physical 8288332k(2905400k free), swap 33454156k(8196k free)

vm_info: Java HotSpot(TM) 64-Bit Server VM (25.73-b02) for windows-amd64 JRE (1.8.0_73-b02), built on Jan 29 2016 17:38:49 by "java_re" with MS VC++ 10.0 (VS2010)

time: Mon Dec 30 15:01:06 2019
elapsed time: 88 seconds (0d 0h 1m 28s)

